
--- 2025-02-12T05:56:07.431Z debug
🪵  Writing logs to "/home/fahad/.config/.wrangler/logs/wrangler-2025-02-12_05-56-07_264.log"
---

--- 2025-02-12T05:56:07.431Z debug
Metrics dispatcher: Posting data {"deviceId":"896d5d2e-b068-4af5-a630-6cb20f7714c2","event":"wrangler command started","timestamp":1739339767431,"properties":{"amplitude_session_id":1739339767428,"amplitude_event_id":0,"wranglerVersion":"3.108.1","osPlatform":"Linux","osVersion":"#1 SMP Tue Nov 5 00:21:55 UTC 2024","nodeVersion":23,"packageManager":"pnpm","isFirstUsage":false,"configFileType":"jsonc","isCI":false,"isPagesCI":false,"isWorkersCI":false,"isInteractive":true,"hasAssets":false,"argsUsed":["minify"],"argsCombination":"minify","command":"wrangler deploy","args":{"minify":true,"xJsonConfig":true,"j":true,"noBundle":false,"latest":false,"keepVars":false,"xAutoCreate":true}}}
---

--- 2025-02-12T05:56:07.444Z debug
.env file not found at ".env". Continuing... For more details, refer to https://developers.cloudflare.com/workers/wrangler/system-environment-variables/
---

--- 2025-02-12T05:56:07.521Z log

 ⛅️ wrangler 3.108.1
[38;2;255;136;0m--------------------[39m

---

--- 2025-02-12T05:56:07.562Z log
Attempting to login via OAuth...
---

--- 2025-02-12T05:56:07.568Z log
Opening a link in your default browser: https://dash.cloudflare.com/oauth2/auth?response_type=code&client_id=54d11594-84e4-41aa-b438-e81b8fa78ee7&redirect_uri=http%3A%2F%2Flocalhost%3A8976%2Foauth%2Fcallback&scope=account%3Aread%20user%3Aread%20workers%3Awrite%20workers_kv%3Awrite%20workers_routes%3Awrite%20workers_scripts%3Awrite%20workers_tail%3Aread%20d1%3Awrite%20pages%3Awrite%20zone%3Aread%20ssl_certs%3Awrite%20ai%3Awrite%20queues%3Awrite%20pipelines%3Awrite%20offline_access&state=c5kcmVnvastvNccy3Dq1yek6lFcEOzML&code_challenge=B0EsaE5YwQARDIDywVwXqccs7hW61wtvy9Ygsjb04ac&code_challenge_method=S256
---

--- 2025-02-12T05:56:25.257Z debug
Checking if domain has Access enabled: dash.cloudflare.com
---

--- 2025-02-12T05:56:25.258Z debug
Access switch not cached for: dash.cloudflare.com
---

--- 2025-02-12T05:56:25.386Z debug
Caching access switch for: dash.cloudflare.com
---

--- 2025-02-12T05:57:18.078Z log
Successfully logged in.
---

--- 2025-02-12T05:57:18.083Z debug
-- START CF API REQUEST: GET https://api.cloudflare.com/client/v4/memberships?page=1
---

--- 2025-02-12T05:57:18.083Z debug
HEADERS: omitted; set WRANGLER_LOG_SANITIZE=false to include sanitized data
---

--- 2025-02-12T05:57:18.083Z debug
INIT: omitted; set WRANGLER_LOG_SANITIZE=false to include sanitized data
---

--- 2025-02-12T05:57:18.083Z debug
-- END CF API REQUEST
---

--- 2025-02-12T05:57:19.311Z debug
-- START CF API RESPONSE: OK 200
---

--- 2025-02-12T05:57:19.314Z debug
HEADERS: omitted; set WRANGLER_LOG_SANITIZE=false to include sanitized data
---

--- 2025-02-12T05:57:19.314Z debug
RESPONSE: omitted; set WRANGLER_LOG_SANITIZE=false to include sanitized data
---

--- 2025-02-12T05:57:19.314Z debug
-- END CF API RESPONSE
---

--- 2025-02-12T05:57:19.321Z debug
Saving to cache: {"account":{"id":"54adbd4f068649f34c2a40ed03069ac4","name":"Robiulhossain7475@gmail.com's Account"}}
---

--- 2025-02-12T05:57:19.326Z debug
Starting verifyWorkerMatchesCITag() with tag: undefined, name: hono-worker
---

--- 2025-02-12T05:57:19.326Z debug
No WRANGLER_CI_MATCH_TAG variable provided, aborting verifyWorkerMatchesCITag()
---

--- 2025-02-12T05:57:19.330Z debug
-- START CF API REQUEST: GET https://api.cloudflare.com/client/v4/accounts/54adbd4f068649f34c2a40ed03069ac4/workers/services/hono-worker
---

--- 2025-02-12T05:57:19.330Z debug
HEADERS: omitted; set WRANGLER_LOG_SANITIZE=false to include sanitized data
---

--- 2025-02-12T05:57:19.330Z debug
INIT: omitted; set WRANGLER_LOG_SANITIZE=false to include sanitized data
---

--- 2025-02-12T05:57:19.330Z debug
-- END CF API REQUEST
---

--- 2025-02-12T05:57:20.321Z debug
-- START CF API RESPONSE: Not Found 404
---

--- 2025-02-12T05:57:20.321Z debug
HEADERS: omitted; set WRANGLER_LOG_SANITIZE=false to include sanitized data
---

--- 2025-02-12T05:57:20.321Z debug
RESPONSE: omitted; set WRANGLER_LOG_SANITIZE=false to include sanitized data
---

--- 2025-02-12T05:57:20.321Z debug
-- END CF API RESPONSE
---

--- 2025-02-12T05:57:20.326Z debug
-- START CF API REQUEST: GET https://api.cloudflare.com/client/v4/accounts/54adbd4f068649f34c2a40ed03069ac4/workers/scripts/hono-worker/deployments
---

--- 2025-02-12T05:57:20.327Z debug
HEADERS: omitted; set WRANGLER_LOG_SANITIZE=false to include sanitized data
---

--- 2025-02-12T05:57:20.327Z debug
INIT: omitted; set WRANGLER_LOG_SANITIZE=false to include sanitized data
---

--- 2025-02-12T05:57:20.327Z debug
-- END CF API REQUEST
---

--- 2025-02-12T05:57:20.741Z debug
-- START CF API RESPONSE: Not Found 404
---

--- 2025-02-12T05:57:20.742Z debug
HEADERS: omitted; set WRANGLER_LOG_SANITIZE=false to include sanitized data
---

--- 2025-02-12T05:57:20.742Z debug
RESPONSE: omitted; set WRANGLER_LOG_SANITIZE=false to include sanitized data
---

--- 2025-02-12T05:57:20.742Z debug
-- END CF API RESPONSE
---

--- 2025-02-12T05:57:20.853Z log
Total Upload: [32m19.61 KiB / gzip: 7.91 KiB[39m
---

--- 2025-02-12T05:57:20.862Z debug
-- START CF API REQUEST: PUT https://api.cloudflare.com/client/v4/accounts/54adbd4f068649f34c2a40ed03069ac4/workers/scripts/hono-worker?excludeScript=true
---

--- 2025-02-12T05:57:20.862Z debug
HEADERS: omitted; set WRANGLER_LOG_SANITIZE=false to include sanitized data
---

--- 2025-02-12T05:57:20.862Z debug
INIT: omitted; set WRANGLER_LOG_SANITIZE=false to include sanitized data
---

--- 2025-02-12T05:57:20.870Z debug
BODY: omitted; set WRANGLER_LOG_SANITIZE=false to include sanitized data
---

--- 2025-02-12T05:57:20.870Z debug
-- END CF API REQUEST
---

--- 2025-02-12T05:57:22.463Z debug
-- START CF API RESPONSE: OK 200
---

--- 2025-02-12T05:57:22.463Z debug
HEADERS: omitted; set WRANGLER_LOG_SANITIZE=false to include sanitized data
---

--- 2025-02-12T05:57:22.463Z debug
RESPONSE: omitted; set WRANGLER_LOG_SANITIZE=false to include sanitized data
---

--- 2025-02-12T05:57:22.464Z debug
-- END CF API RESPONSE
---

--- 2025-02-12T05:57:22.466Z log
No bindings found.
---

--- 2025-02-12T05:57:22.467Z log
Uploaded hono-worker (2.14 sec)
---

--- 2025-02-12T05:57:22.468Z debug
-- START CF API REQUEST: GET https://api.cloudflare.com/client/v4/accounts/54adbd4f068649f34c2a40ed03069ac4/workers/scripts/hono-worker/subdomain
---

--- 2025-02-12T05:57:22.468Z debug
HEADERS: omitted; set WRANGLER_LOG_SANITIZE=false to include sanitized data
---

--- 2025-02-12T05:57:22.468Z debug
INIT: omitted; set WRANGLER_LOG_SANITIZE=false to include sanitized data
---

--- 2025-02-12T05:57:22.468Z debug
-- END CF API REQUEST
---

--- 2025-02-12T05:57:23.202Z debug
-- START CF API RESPONSE: OK 200
---

--- 2025-02-12T05:57:23.202Z debug
HEADERS: omitted; set WRANGLER_LOG_SANITIZE=false to include sanitized data
---

--- 2025-02-12T05:57:23.202Z debug
RESPONSE: omitted; set WRANGLER_LOG_SANITIZE=false to include sanitized data
---

--- 2025-02-12T05:57:23.202Z debug
-- END CF API RESPONSE
---

--- 2025-02-12T05:57:23.203Z debug
-- START CF API REQUEST: GET https://api.cloudflare.com/client/v4/accounts/54adbd4f068649f34c2a40ed03069ac4/workers/subdomain
---

--- 2025-02-12T05:57:23.203Z debug
HEADERS: omitted; set WRANGLER_LOG_SANITIZE=false to include sanitized data
---

--- 2025-02-12T05:57:23.203Z debug
INIT: omitted; set WRANGLER_LOG_SANITIZE=false to include sanitized data
---

--- 2025-02-12T05:57:23.203Z debug
-- END CF API REQUEST
---

--- 2025-02-12T05:57:23.881Z debug
-- START CF API RESPONSE: OK 200
---

--- 2025-02-12T05:57:23.881Z debug
HEADERS: omitted; set WRANGLER_LOG_SANITIZE=false to include sanitized data
---

--- 2025-02-12T05:57:23.881Z debug
RESPONSE: omitted; set WRANGLER_LOG_SANITIZE=false to include sanitized data
---

--- 2025-02-12T05:57:23.881Z debug
-- END CF API RESPONSE
---

--- 2025-02-12T05:57:23.881Z debug
-- START CF API REQUEST: POST https://api.cloudflare.com/client/v4/accounts/54adbd4f068649f34c2a40ed03069ac4/workers/scripts/hono-worker/subdomain
---

--- 2025-02-12T05:57:23.881Z debug
HEADERS: omitted; set WRANGLER_LOG_SANITIZE=false to include sanitized data
---

--- 2025-02-12T05:57:23.882Z debug
INIT: omitted; set WRANGLER_LOG_SANITIZE=false to include sanitized data
---

--- 2025-02-12T05:57:23.882Z debug
-- END CF API REQUEST
---

--- 2025-02-12T05:57:24.593Z debug
-- START CF API RESPONSE: OK 200
---

--- 2025-02-12T05:57:24.594Z debug
HEADERS: omitted; set WRANGLER_LOG_SANITIZE=false to include sanitized data
---

--- 2025-02-12T05:57:24.594Z debug
RESPONSE: omitted; set WRANGLER_LOG_SANITIZE=false to include sanitized data
---

--- 2025-02-12T05:57:24.594Z debug
-- END CF API RESPONSE
---

--- 2025-02-12T05:57:24.595Z log
Deployed hono-worker triggers (1.39 sec)
---

--- 2025-02-12T05:57:24.595Z log
  https://hono-worker.robiulhossain7475.workers.dev
---

--- 2025-02-12T05:57:24.596Z log
Current Version ID: da379998-4020-447c-9f57-1641c715edab
---

--- 2025-02-12T05:57:24.598Z debug
Metrics dispatcher: Posting data {"deviceId":"896d5d2e-b068-4af5-a630-6cb20f7714c2","event":"deploy worker script","timestamp":1739339844598,"properties":{"category":"Workers","wranglerVersion":"3.108.1","os":"linux:x64","usesTypeScript":true,"durationMs":5271}}
---

--- 2025-02-12T05:57:24.605Z debug
Metrics dispatcher: Posting data {"deviceId":"896d5d2e-b068-4af5-a630-6cb20f7714c2","event":"wrangler command completed","timestamp":1739339844604,"properties":{"amplitude_session_id":1739339767428,"amplitude_event_id":1,"wranglerVersion":"3.108.1","osPlatform":"Linux","osVersion":"#1 SMP Tue Nov 5 00:21:55 UTC 2024","nodeVersion":23,"packageManager":"pnpm","isFirstUsage":false,"configFileType":"jsonc","isCI":false,"isPagesCI":false,"isWorkersCI":false,"isInteractive":true,"hasAssets":false,"argsUsed":["minify"],"argsCombination":"minify","command":"wrangler deploy","args":{"minify":true,"xJsonConfig":true,"j":true,"noBundle":false,"latest":false,"keepVars":false,"xAutoCreate":true},"durationMs":77205,"durationSeconds":77.205,"durationMinutes":1.28675}}
---
