
--- 2025-02-12T05:42:14.711Z debug
🪵  Writing logs to "/home/fahad/.config/.wrangler/logs/wrangler-2025-02-12_05-42-14_385.log"
---

--- 2025-02-12T05:42:14.711Z debug
Metrics dispatcher: Posting data {"deviceId":"896d5d2e-b068-4af5-a630-6cb20f7714c2","event":"wrangler command started","timestamp":1739338934710,"properties":{"amplitude_session_id":1739338934704,"amplitude_event_id":0,"wranglerVersion":"3.108.1","osPlatform":"Linux","osVersion":"#1 SMP Tue Nov 5 00:21:55 UTC 2024","nodeVersion":23,"packageManager":"pnpm","isFirstUsage":true,"configFileType":"jsonc","isCI":false,"isPagesCI":false,"isWorkersCI":false,"isInteractive":true,"hasAssets":false,"argsUsed":[],"argsCombination":"","command":"wrangler dev","args":{"xJsonConfig":true,"j":true,"latest":true,"noBundle":false,"remote":false,"r":false,"testScheduled":false,"logLevel":"log","xVectorizeBindToProd":false,"xImagesLocalMode":false}}}
---

--- 2025-02-12T05:42:14.737Z debug
.env file not found at ".env". Continuing... For more details, refer to https://developers.cloudflare.com/workers/wrangler/system-environment-variables/
---

--- 2025-02-12T05:42:16.788Z log

 ⛅️ wrangler 3.108.1
[38;2;255;136;0m--------------------[39m

---

--- 2025-02-12T05:42:16.826Z debug
.env file not found at ".dev.vars". Continuing... For more details, refer to https://developers.cloudflare.com/workers/wrangler/system-environment-variables/
---

--- 2025-02-12T05:42:16.827Z log
No bindings found.
---

--- 2025-02-12T05:42:16.893Z debug
RemoteRuntimeController teardown beginning...
---

--- 2025-02-12T05:42:16.894Z debug
RemoteRuntimeController teardown complete
---

--- 2025-02-12T05:42:16.895Z log
[2m⎔ Starting local server...[22m
---

--- 2025-02-12T05:42:17.249Z debug
[InspectorProxyWorker] handleProxyControllerIncomingMessage {"type":"reloadStart"}
---

--- 2025-02-12T05:42:17.277Z debug
[InspectorProxyWorker] handleProxyControllerIncomingMessage {"type":"reloadComplete","proxyData":{"userWorkerUrl":{"protocol":"http:","hostname":"127.0.0.1","port":"41567"},"userWorkerInspectorUrl":{"protocol":"ws:","hostname":"127.0.0.1","port":"46619","pathname":"/core:user:first-worker"},"userWorkerInnerUrlOverrides":{"protocol":"http:"},"headers":{"MF-Proxy-Shared-Secret":"9b3945fd-1f29-4a3d-921b-4eac9f80947b"},"liveReload":false,"proxyLogsToController":false,"internalDurableObjects":[],"entrypointAddresses":{"default":{"host":"127.0.0.1","port":34155}}}}
---

--- 2025-02-12T05:42:17.281Z debug
[InspectorProxyWorker] RUNTIME INCOMING MESSAGE {
  method: 'Runtime.executionContextCreated',
  params: {
    context: {
      id: 149202369,
      origin: '',
      name: 'Worker',
      uniqueId: '-5144407614978027857.6907083058038485105'
    }
  }
}
---

--- 2025-02-12T05:42:17.282Z debug
[InspectorProxyWorker] reconnectRuntimeWebSocket
---

--- 2025-02-12T05:42:17.288Z debug
[InspectorProxyWorker] NEW RUNTIME WEBSOCKET http://127.0.0.1:46619/core:user:first-worker
---

--- 2025-02-12T05:42:17.290Z debug
[InspectorProxyWorker] SEND TO DEVTOOLS {"method":"Runtime.executionContextsCleared"}
---

--- 2025-02-12T05:42:17.296Z debug
[InspectorProxyWorker] RUNTIME WEBSOCKET OPENED
---

--- 2025-02-12T05:42:17.298Z debug
[InspectorProxyWorker] SEND TO RUNTIME {"method":"Runtime.enable","id":100000001}
---

--- 2025-02-12T05:42:17.300Z debug
[InspectorProxyWorker] SEND TO RUNTIME {"method":"Debugger.enable","id":100000002}
---

--- 2025-02-12T05:42:17.332Z debug
[InspectorProxyWorker] SEND TO RUNTIME {"method":"Network.enable","id":100000003}
---

--- 2025-02-12T05:42:17.335Z debug
[InspectorProxyWorker] RUNTIME INCOMING MESSAGE { id: 100000001, result: {} }
---

--- 2025-02-12T05:42:17.338Z debug
[InspectorProxyWorker] RUNTIME INCOMING MESSAGE {
  method: 'Debugger.scriptParsed',
  params: {
    scriptId: '3',
    url: 'file:///home/fahad/projects/personal/first-worker/.wrangler/tmp/dev-62Wk3M/index.js',
    startLine: 0,
    startColumn: 0,
    endLine: 183,
    endColumn: 97,
    executionContextId: 149202369,
    hash: 'ee6be63e4cca80b4bb0ca8dc0c5f50158411e9a7fd10568b039eee3b06fd059d',
    buildId: '',
    isLiveEdit: false,
    sourceMapURL: 'index.js.map',
    hasSourceURL: true,
    isModule: true,
    length: 6188,
    scriptLanguage: 'JavaScript',
    embedderName: 'index.js'
  }
}
---

--- 2025-02-12T05:42:17.340Z debug
[InspectorProxyWorker] RUNTIME INCOMING MESSAGE {
  id: 100000002,
  result: { debuggerId: '3815025861460714769.5784559222140422971' }
}
---

--- 2025-02-12T05:42:17.342Z debug
[InspectorProxyWorker] RUNTIME INCOMING MESSAGE { id: 100000003, method: 'Network.enable', result: {} }
---

--- 2025-02-12T05:42:27.277Z debug
[InspectorProxyWorker] SEND TO RUNTIME {"method":"Runtime.getIsolateId","id":100000004}
---

--- 2025-02-12T05:42:27.278Z debug
[InspectorProxyWorker] RUNTIME INCOMING MESSAGE { id: 100000004, result: { id: '3738d7390600491d' } }
---

--- 2025-02-12T05:42:37.278Z debug
[InspectorProxyWorker] SEND TO RUNTIME {"method":"Runtime.getIsolateId","id":100000005}
---

--- 2025-02-12T05:42:37.281Z debug
[InspectorProxyWorker] RUNTIME INCOMING MESSAGE { id: 100000005, result: { id: '3738d7390600491d' } }
---

--- 2025-02-12T05:42:47.292Z debug
[InspectorProxyWorker] SEND TO RUNTIME {"method":"Runtime.getIsolateId","id":100000006}
---

--- 2025-02-12T05:42:47.299Z debug
[InspectorProxyWorker] RUNTIME INCOMING MESSAGE { id: 100000006, result: { id: '3738d7390600491d' } }
---

--- 2025-02-12T05:42:57.280Z debug
[InspectorProxyWorker] SEND TO RUNTIME {"method":"Runtime.getIsolateId","id":100000007}
---

--- 2025-02-12T05:42:57.285Z debug
[InspectorProxyWorker] RUNTIME INCOMING MESSAGE { id: 100000007, result: { id: '3738d7390600491d' } }
---

--- 2025-02-12T05:43:07.279Z debug
[InspectorProxyWorker] SEND TO RUNTIME {"method":"Runtime.getIsolateId","id":100000008}
---

--- 2025-02-12T05:43:07.281Z debug
[InspectorProxyWorker] RUNTIME INCOMING MESSAGE { id: 100000008, result: { id: '3738d7390600491d' } }
---

--- 2025-02-12T05:43:17.281Z debug
[InspectorProxyWorker] SEND TO RUNTIME {"method":"Runtime.getIsolateId","id":100000009}
---

--- 2025-02-12T05:43:17.282Z debug
[InspectorProxyWorker] RUNTIME INCOMING MESSAGE { id: 100000009, result: { id: '3738d7390600491d' } }
---

--- 2025-02-12T05:43:27.273Z debug
[InspectorProxyWorker] SEND TO RUNTIME {"method":"Runtime.getIsolateId","id":100000010}
---

--- 2025-02-12T05:43:27.275Z debug
[InspectorProxyWorker] RUNTIME INCOMING MESSAGE { id: 100000010, result: { id: '3738d7390600491d' } }
---

--- 2025-02-12T05:43:37.281Z debug
[InspectorProxyWorker] SEND TO RUNTIME {"method":"Runtime.getIsolateId","id":100000011}
---

--- 2025-02-12T05:43:37.285Z debug
[InspectorProxyWorker] RUNTIME INCOMING MESSAGE { id: 100000011, result: { id: '3738d7390600491d' } }
---

--- 2025-02-12T05:43:47.279Z debug
[InspectorProxyWorker] SEND TO RUNTIME {"method":"Runtime.getIsolateId","id":100000012}
---

--- 2025-02-12T05:43:47.282Z debug
[InspectorProxyWorker] RUNTIME INCOMING MESSAGE { id: 100000012, result: { id: '3738d7390600491d' } }
---

--- 2025-02-12T05:43:57.278Z debug
[InspectorProxyWorker] SEND TO RUNTIME {"method":"Runtime.getIsolateId","id":100000013}
---

--- 2025-02-12T05:43:57.280Z debug
[InspectorProxyWorker] RUNTIME INCOMING MESSAGE { id: 100000013, result: { id: '3738d7390600491d' } }
---

--- 2025-02-12T05:44:07.278Z debug
[InspectorProxyWorker] SEND TO RUNTIME {"method":"Runtime.getIsolateId","id":100000014}
---

--- 2025-02-12T05:44:07.281Z debug
[InspectorProxyWorker] RUNTIME INCOMING MESSAGE { id: 100000014, result: { id: '3738d7390600491d' } }
---

--- 2025-02-12T05:44:17.278Z debug
[InspectorProxyWorker] SEND TO RUNTIME {"method":"Runtime.getIsolateId","id":100000015}
---

--- 2025-02-12T05:44:17.280Z debug
[InspectorProxyWorker] RUNTIME INCOMING MESSAGE { id: 100000015, result: { id: '3738d7390600491d' } }
---

--- 2025-02-12T05:44:21.836Z debug
DevEnv teardown beginning...
---

--- 2025-02-12T05:44:21.837Z debug
ConfigController teardown beginning...
---

--- 2025-02-12T05:44:21.838Z debug
BundlerController teardown beginning...
---

--- 2025-02-12T05:44:21.840Z debug
LocalRuntimeController teardown beginning...
---

--- 2025-02-12T05:44:21.840Z log
[2m⎔ Shutting down local server...[22m
---

--- 2025-02-12T05:44:21.842Z debug
RemoteRuntimeController teardown beginning...
---

--- 2025-02-12T05:44:21.842Z debug
RemoteRuntimeController teardown complete
---

--- 2025-02-12T05:44:21.842Z debug
ProxyController teardown beginning...
---

--- 2025-02-12T05:44:21.843Z debug
ConfigController teardown complete
---

--- 2025-02-12T05:44:21.850Z debug
BundlerController teardown complete
---

--- 2025-02-12T05:44:21.865Z debug
LocalRuntimeController teardown complete
---

--- 2025-02-12T05:44:21.869Z debug
ProxyController teardown complete
---

--- 2025-02-12T05:44:21.869Z debug
DevEnv teardown complete
---

--- 2025-02-12T05:44:21.873Z log
[90m[39m
[90mCloudflare collects anonymous telemetry about your usage of Wrangler. Learn more at https://github.com/cloudflare/workers-sdk/tree/main/packages/wrangler/telemetry.md[39m
---

--- 2025-02-12T05:44:21.876Z debug
Metrics dispatcher: Posting data {"deviceId":"896d5d2e-b068-4af5-a630-6cb20f7714c2","event":"wrangler command completed","timestamp":1739339061875,"properties":{"amplitude_session_id":1739338934704,"amplitude_event_id":1,"wranglerVersion":"3.108.1","osPlatform":"Linux","osVersion":"#1 SMP Tue Nov 5 00:21:55 UTC 2024","nodeVersion":23,"packageManager":"pnpm","isFirstUsage":false,"configFileType":"jsonc","isCI":false,"isPagesCI":false,"isWorkersCI":false,"isInteractive":true,"hasAssets":false,"argsUsed":[],"argsCombination":"","command":"wrangler dev","args":{"xJsonConfig":true,"j":true,"latest":true,"noBundle":false,"remote":false,"r":false,"testScheduled":false,"logLevel":"log","xVectorizeBindToProd":false,"xImagesLocalMode":false},"durationMs":127225,"durationSeconds":127.225,"durationMinutes":2.1204166666666664}}
---
